<?xml version="1.0" encoding="UTF-8"?>
<testng-results skipped="0" failed="0" total="1" passed="1">
  <reporter-output>
  </reporter-output>
  <suite name="SeleniumSample" duration-ms="14008" started-at="2013-10-20T14:37:12Z" finished-at="2013-10-20T14:37:26Z">
    <groups>
    </groups>
    <test name="gmail" duration-ms="14008" started-at="2013-10-20T14:37:12Z" finished-at="2013-10-20T14:37:26Z">
      <class name="sample.TestingSelenium">
        <test-method status="PASS" signature="gmail()[pri:0, instance:sample.TestingSelenium@709a6e58]" name="gmail" duration-ms="13998" started-at="2013-10-20T20:07:12Z" finished-at="2013-10-20T20:07:26Z">
          <reporter-output>
          </reporter-output>
        </test-method> <!-- gmail -->
      </class> <!-- sample.TestingSelenium -->
    </test> <!-- gmail -->
  </suite> <!-- SeleniumSample -->
</testng-results>
